<?xml version="1.0" encoding="UTF-8"?>
<!-- Generated by org.testng.reporters.JUnitXMLReporter -->
<testsuite hostname="DESKTOP-MOUJJKK" name="Default test" tests="1" failures="0" timestamp="17 Mar 2020 06:58:57 GMT" time="8.366" errors="0">
  <testcase name="@BeforeMethod openApp" time="0.0" classname="scripts.TestInvalidLogin">
    <failure type="org.openqa.selenium.SessionNotCreatedException" message="session not created: This version of ChromeDriver only supports Chrome version 78
Build info: version: &amp;apos;3.141.59&amp;apos;, revision: &amp;apos;e82be7d358&amp;apos;, time: &amp;apos;2018-11-14T08:25:53&amp;apos;
System info: host: &amp;apos;DESKTOP-MOUJJKK&amp;apos;, ip: &amp;apos;192.168.233.1&amp;apos;, os.name: &amp;apos;Windows 10&amp;apos;, os.arch: &amp;apos;amd64&amp;apos;, os.version: &amp;apos;10.0&amp;apos;, java.version: &amp;apos;1.8.0_162&amp;apos;
Driver info: driver.version: ChromeDriver
remote stacktrace: Backtrace:
	Ordinal0 [0x0106A923+1550627]
	Ordinal0 [0x00FEA731+1025841]
	Ordinal0 [0x00F6C715+509717]
	Ordinal0 [0x00EFFC68+64616]
	Ordinal0 [0x00EFC594+50580]
	Ordinal0 [0x00F1ACE7+175335]
	Ordinal0 [0x00F1A8ED+174317]
	Ordinal0 [0x00F18CDB+167131]
	Ordinal0 [0x00F0144A+70730]
	Ordinal0 [0x00F024D0+74960]
	Ordinal0 [0x00F02469+74857]
	Ordinal0 [0x010042F7+1131255]
	GetHandleVerifier [0x0110711D+523789]
	GetHandleVerifier [0x01106EB0+523168]
	GetHandleVerifier [0x0110E207+552695]
	GetHandleVerifier [0x0110791A+525834]
	Ordinal0 [0x00FFB82C+1095724]
	Ordinal0 [0x0100636B+1139563]
	Ordinal0 [0x010064D3+1139923]
	Ordinal0 [0x01005455+1135701]
	BaseThreadInitThunk [0x766C0419+25]
	RtlGetAppContainerNamedObjectPath [0x7786662D+237]
	RtlGetAppContainerNamedObjectPath [0x778665FD+189]
">
      <![CDATA[org.openqa.selenium.SessionNotCreatedException: session not created: This version of ChromeDriver only supports Chrome version 78
Build info: version: '3.141.59', revision: 'e82be7d358', time: '2018-11-14T08:25:53'
System info: host: 'DESKTOP-MOUJJKK', ip: '192.168.233.1', os.name: 'Windows 10', os.arch: 'amd64', os.version: '10.0', java.version: '1.8.0_162'
Driver info: driver.version: ChromeDriver
remote stacktrace: Backtrace:
	Ordinal0 [0x0106A923+1550627]
	Ordinal0 [0x00FEA731+1025841]
	Ordinal0 [0x00F6C715+509717]
	Ordinal0 [0x00EFFC68+64616]
	Ordinal0 [0x00EFC594+50580]
	Ordinal0 [0x00F1ACE7+175335]
	Ordinal0 [0x00F1A8ED+174317]
	Ordinal0 [0x00F18CDB+167131]
	Ordinal0 [0x00F0144A+70730]
	Ordinal0 [0x00F024D0+74960]
	Ordinal0 [0x00F02469+74857]
	Ordinal0 [0x010042F7+1131255]
	GetHandleVerifier [0x0110711D+523789]
	GetHandleVerifier [0x01106EB0+523168]
	GetHandleVerifier [0x0110E207+552695]
	GetHandleVerifier [0x0110791A+525834]
	Ordinal0 [0x00FFB82C+1095724]
	Ordinal0 [0x0100636B+1139563]
	Ordinal0 [0x010064D3+1139923]
	Ordinal0 [0x01005455+1135701]
	BaseThreadInitThunk [0x766C0419+25]
	RtlGetAppContainerNamedObjectPath [0x7786662D+237]
	RtlGetAppContainerNamedObjectPath [0x778665FD+189]

	at sun.reflect.NativeConstructorAccessorImpl.newInstance0(Native Method)
	at sun.reflect.NativeConstructorAccessorImpl.newInstance(Unknown Source)
	at sun.reflect.DelegatingConstructorAccessorImpl.newInstance(Unknown Source)
	at java.lang.reflect.Constructor.newInstance(Unknown Source)
	at org.openqa.selenium.remote.W3CHandshakeResponse.lambda$errorHandler$0(W3CHandshakeResponse.java:62)
	at org.openqa.selenium.remote.HandshakeResponse.lambda$getResponseFunction$0(HandshakeResponse.java:30)
	at org.openqa.selenium.remote.ProtocolHandshake.lambda$createSession$0(ProtocolHandshake.java:126)
	at java.util.stream.ReferencePipeline$3$1.accept(Unknown Source)
	at java.util.Spliterators$ArraySpliterator.tryAdvance(Unknown Source)
	at java.util.stream.ReferencePipeline.forEachWithCancel(Unknown Source)
	at java.util.stream.AbstractPipeline.copyIntoWithCancel(Unknown Source)
	at java.util.stream.AbstractPipeline.copyInto(Unknown Source)
	at java.util.stream.AbstractPipeline.wrapAndCopyInto(Unknown Source)
	at java.util.stream.FindOps$FindOp.evaluateSequential(Unknown Source)
	at java.util.stream.AbstractPipeline.evaluate(Unknown Source)
	at java.util.stream.ReferencePipeline.findFirst(Unknown Source)
	at org.openqa.selenium.remote.ProtocolHandshake.createSession(ProtocolHandshake.java:128)
	at org.openqa.selenium.remote.ProtocolHandshake.createSession(ProtocolHandshake.java:74)
	at org.openqa.selenium.remote.HttpCommandExecutor.execute(HttpCommandExecutor.java:136)
	at org.openqa.selenium.remote.service.DriverCommandExecutor.execute(DriverCommandExecutor.java:83)
	at org.openqa.selenium.remote.RemoteWebDriver.execute(RemoteWebDriver.java:552)
	at org.openqa.selenium.remote.RemoteWebDriver.startSession(RemoteWebDriver.java:213)
	at org.openqa.selenium.remote.RemoteWebDriver.<init>(RemoteWebDriver.java:131)
	at org.openqa.selenium.chrome.ChromeDriver.<init>(ChromeDriver.java:181)
	at org.openqa.selenium.chrome.ChromeDriver.<init>(ChromeDriver.java:168)
	at org.openqa.selenium.chrome.ChromeDriver.<init>(ChromeDriver.java:123)
	at generic.BaseTest.openApp(BaseTest.java:29)
	at sun.reflect.NativeMethodAccessorImpl.invoke0(Native Method)
	at sun.reflect.NativeMethodAccessorImpl.invoke(Unknown Source)
	at sun.reflect.DelegatingMethodAccessorImpl.invoke(Unknown Source)
	at java.lang.reflect.Method.invoke(Unknown Source)
	at org.testng.internal.MethodInvocationHelper.invokeMethod(MethodInvocationHelper.java:100)
	at org.testng.internal.Invoker.invokeConfigurationMethod(Invoker.java:515)
	at org.testng.internal.Invoker.invokeConfigurations(Invoker.java:216)
	at org.testng.internal.Invoker.invokeMethod(Invoker.java:590)
	at org.testng.internal.Invoker.invokeTestMethod(Invoker.java:811)
	at org.testng.internal.Invoker.invokeTestMethods(Invoker.java:1129)
	at org.testng.internal.TestMethodWorker.invokeTestMethods(TestMethodWorker.java:129)
	at org.testng.internal.TestMethodWorker.run(TestMethodWorker.java:112)
	at org.testng.TestRunner.privateRun(TestRunner.java:746)
	at org.testng.TestRunner.run(TestRunner.java:600)
	at org.testng.SuiteRunner.runTest(SuiteRunner.java:366)
	at org.testng.SuiteRunner.runSequentially(SuiteRunner.java:361)
	at org.testng.SuiteRunner.privateRun(SuiteRunner.java:319)
	at org.testng.SuiteRunner.run(SuiteRunner.java:268)
	at org.testng.SuiteRunnerWorker.runSuite(SuiteRunnerWorker.java:52)
	at org.testng.SuiteRunnerWorker.run(SuiteRunnerWorker.java:86)
	at org.testng.TestNG.runSuitesSequentially(TestNG.java:1264)
	at org.testng.TestNG.runSuitesLocally(TestNG.java:1189)
	at org.testng.TestNG.runSuites(TestNG.java:1104)
	at org.testng.TestNG.run(TestNG.java:1076)
	at org.testng.remote.AbstractRemoteTestNG.run(AbstractRemoteTestNG.java:126)
	at org.testng.remote.RemoteTestNG.initAndRun(RemoteTestNG.java:152)
	at org.testng.remote.RemoteTestNG.main(RemoteTestNG.java:57)
]]>
    </failure>
  </testcase> <!-- @BeforeMethod openApp -->
  <testcase name="@AfterMethod closeApp" time="0.0" classname="scripts.TestInvalidLogin">
    <skipped/>
  </testcase> <!-- @AfterMethod closeApp -->
  <testcase name="testInvalidLogin" time="0.002" classname="scripts.TestInvalidLogin">
    <skipped/>
  </testcase> <!-- testInvalidLogin -->
</testsuite> <!-- Default test -->
